<?xml version="1.0" encoding="UTF-8"?>
<!-- Generated by org.testng.reporters.JUnitReportReporter -->
<testsuite skipped="0" hostname="DESKTOP-3R73L8V" name="com.nopcommerce.testCases.TC_AddCustomerTest_003" tests="2" failures="0" timestamp="2020-10-20T08:38:24 IST" time="98.016" errors="0">
  <testcase name="addNewCustomer" time="50.253" classname="com.nopcommerce.testCases.TC_AddCustomerTest_003"/>
  <system-out/>
  <testcase name="addNewCustomer" time="47.763" classname="com.nopcommerce.testCases.TC_AddCustomerTest_003"/>
  <system-out/>
</testsuite> <!-- com.nopcommerce.testCases.TC_AddCustomerTest_003 -->
